{
  "stats": {
    "suites": 1,
    "tests": 3,
    "passes": 3,
    "pending": 0,
    "failures": 0,
    "start": "2021-07-29T07:58:06.692Z",
    "end": "2021-07-29T07:58:17.740Z",
    "duration": 11048,
    "testsRegistered": 3,
    "passPercent": 100,
    "pendingPercent": 0,
    "other": 0,
    "hasOther": false,
    "skipped": 0,
    "hasSkipped": false
  },
  "results": [
    {
      "uuid": "121022a7-6d82-4965-946a-76ff9b739d44",
      "title": "",
      "fullFile": "cypress/integration/task1_suite1.spec.js",
      "file": "cypress/integration/task1_suite1.spec.js",
      "beforeHooks": [],
      "afterHooks": [],
      "tests": [],
      "suites": [
        {
          "uuid": "84e6fe1b-102b-4580-8b29-b20155a65dff",
          "title": "Test Suite 1",
          "fullFile": "",
          "file": "",
          "beforeHooks": [],
          "afterHooks": [],
          "tests": [
            {
              "title": "Test Case 1: Submit form with valid credentials & check validation msg ",
              "fullTitle": "Test Suite 1 Test Case 1: Submit form with valid credentials & check validation msg ",
              "timedOut": null,
              "duration": 4460,
              "state": "passed",
              "speed": "slow",
              "pass": true,
              "fail": false,
              "pending": false,
              "context": null,
              "code": "cy.get('#username').type('tomsmith');\ncy.get('#password').type('SuperSecretPassword!');\ncy.get('.fa').click();\ncy.get('#flash').should('contain', 'You logged into a secure area!');",
              "err": {},
              "uuid": "e8b9686b-5f37-4b8d-9a60-8c1078af32c9",
              "parentUUID": "84e6fe1b-102b-4580-8b29-b20155a65dff",
              "isHook": false,
              "skipped": false
            },
            {
              "title": "Test Case 2: Logout Successfully ",
              "fullTitle": "Test Suite 1 Test Case 2: Logout Successfully ",
              "timedOut": null,
              "duration": 2000,
              "state": "passed",
              "speed": "slow",
              "pass": true,
              "fail": false,
              "pending": false,
              "context": null,
              "code": "cy.get('#username').type('tomsmith');\ncy.get('#password').type('SuperSecretPassword!');\ncy.get('.fa').click();\ncy.get('#flash').should('contain', 'You logged into a secure area!');\ncy.get('.icon-2x').click();\ncy.get('#flash').should('contain', 'You logged out of the secure area!');",
              "err": {},
              "uuid": "a58e695e-cab3-472b-98ce-c3b255f69cf2",
              "parentUUID": "84e6fe1b-102b-4580-8b29-b20155a65dff",
              "isHook": false,
              "skipped": false
            },
            {
              "title": "Test Case 3: Submit form with invalid crdentials and check error message",
              "fullTitle": "Test Suite 1 Test Case 3: Submit form with invalid crdentials and check error message",
              "timedOut": null,
              "duration": 1703,
              "state": "passed",
              "speed": "slow",
              "pass": true,
              "fail": false,
              "pending": false,
              "context": null,
              "code": "cy.get('#username').type('invalid username');\ncy.get('#password').type('invalid password');\ncy.get('.fa').click();\ncy.get('#flash').should('contain', 'Your username is invalid');",
              "err": {},
              "uuid": "fa0065d6-b00a-40d1-89ec-60e333a55641",
              "parentUUID": "84e6fe1b-102b-4580-8b29-b20155a65dff",
              "isHook": false,
              "skipped": false
            }
          ],
          "suites": [],
          "passes": [
            "e8b9686b-5f37-4b8d-9a60-8c1078af32c9",
            "a58e695e-cab3-472b-98ce-c3b255f69cf2",
            "fa0065d6-b00a-40d1-89ec-60e333a55641"
          ],
          "failures": [],
          "pending": [],
          "skipped": [],
          "duration": 8163,
          "root": false,
          "rootEmpty": false,
          "_timeout": 2000
        }
      ],
      "passes": [],
      "failures": [],
      "pending": [],
      "skipped": [],
      "duration": 0,
      "root": true,
      "rootEmpty": true,
      "_timeout": 2000
    }
  ],
  "meta": {
    "mocha": {
      "version": "7.0.1"
    },
    "mochawesome": {
      "options": {
        "quiet": false,
        "reportFilename": "mochawesome",
        "saveHtml": false,
        "saveJson": true,
        "consoleReporter": "spec",
        "useInlineDiffs": false,
        "code": true
      },
      "version": "6.2.2"
    },
    "marge": {
      "options": {
        "id": "default",
        "reportDir": "cypress/reports/mocha",
        "quite": true,
        "overwrite": false,
        "html": false,
        "json": true,
        "charts": true
      },
      "version": "5.2.0"
    }
  }
}