{
  "stats": {
    "suites": 1,
    "tests": 2,
    "passes": 2,
    "pending": 0,
    "failures": 0,
    "start": "2021-07-29T07:58:22.383Z",
    "end": "2021-07-29T07:58:26.685Z",
    "duration": 4302,
    "testsRegistered": 2,
    "passPercent": 100,
    "pendingPercent": 0,
    "other": 0,
    "hasOther": false,
    "skipped": 0,
    "hasSkipped": false
  },
  "results": [
    {
      "uuid": "e32b3c6a-2fdb-47fd-9d6b-673b2d0db292",
      "title": "",
      "fullFile": "cypress/integration/task1_suite2.spec.js",
      "file": "cypress/integration/task1_suite2.spec.js",
      "beforeHooks": [],
      "afterHooks": [],
      "tests": [],
      "suites": [
        {
          "uuid": "3f80c67e-69a3-44e0-90b1-372ae17976c8",
          "title": "Test Suite 2",
          "fullFile": "",
          "file": "",
          "beforeHooks": [],
          "afterHooks": [],
          "tests": [
            {
              "title": "Test Case 1: To search for an entry in the table. ",
              "fullTitle": "Test Suite 2 Test Case 1: To search for an entry in the table. ",
              "timedOut": null,
              "duration": 1188,
              "state": "passed",
              "speed": "slow",
              "pass": true,
              "fail": false,
              "pending": false,
              "context": null,
              "code": "cy.get('#task-table-filter').type('Bug');\ncy.get('td').should('contain', 'Bug');",
              "err": {},
              "uuid": "b08aa407-be38-43fe-a49a-0591f41aae17",
              "parentUUID": "3f80c67e-69a3-44e0-90b1-372ae17976c8",
              "isHook": false,
              "skipped": false
            },
            {
              "title": "Test Case 2:to check that filters are disabled before clicking on filter icon, then filter by username",
              "fullTitle": "Test Suite 2 Test Case 2:to check that filters are disabled before clicking on filter icon, then filter by username",
              "timedOut": null,
              "duration": 887,
              "state": "passed",
              "speed": "slow",
              "pass": true,
              "fail": false,
              "pending": false,
              "context": null,
              "code": "cy.get('.form-control').should('be.disabled');\ncy.get('.btn-filter').click();\ncy.get('[placeholder=\"Username\"]').type('jacobs');\ncy.get('td').should('contain', 'jacobs');",
              "err": {},
              "uuid": "0e9f1ce7-cafa-402e-85c1-09f971af9050",
              "parentUUID": "3f80c67e-69a3-44e0-90b1-372ae17976c8",
              "isHook": false,
              "skipped": false
            }
          ],
          "suites": [],
          "passes": [
            "b08aa407-be38-43fe-a49a-0591f41aae17",
            "0e9f1ce7-cafa-402e-85c1-09f971af9050"
          ],
          "failures": [],
          "pending": [],
          "skipped": [],
          "duration": 2075,
          "root": false,
          "rootEmpty": false,
          "_timeout": 2000
        }
      ],
      "passes": [],
      "failures": [],
      "pending": [],
      "skipped": [],
      "duration": 0,
      "root": true,
      "rootEmpty": true,
      "_timeout": 2000
    }
  ],
  "meta": {
    "mocha": {
      "version": "7.0.1"
    },
    "mochawesome": {
      "options": {
        "quiet": false,
        "reportFilename": "mochawesome",
        "saveHtml": false,
        "saveJson": true,
        "consoleReporter": "spec",
        "useInlineDiffs": false,
        "code": true
      },
      "version": "6.2.2"
    },
    "marge": {
      "options": {
        "id": "default",
        "reportDir": "cypress/reports/mocha",
        "quite": true,
        "overwrite": false,
        "html": false,
        "json": true,
        "charts": true
      },
      "version": "5.2.0"
    }
  }
}