{
  "stats": {
    "suites": 1,
    "tests": 2,
    "passes": 2,
    "pending": 0,
    "failures": 0,
    "start": "2021-07-29T07:57:18.653Z",
    "end": "2021-07-29T07:57:24.081Z",
    "duration": 5428,
    "testsRegistered": 2,
    "passPercent": 100,
    "pendingPercent": 0,
    "other": 0,
    "hasOther": false,
    "skipped": 0,
    "hasSkipped": false
  },
  "results": [
    {
      "uuid": "b915c0fe-18f4-4454-9f42-6b9b4ca6fe9e",
      "title": "",
      "fullFile": "cypress/integration/product-test.spec.js",
      "file": "cypress/integration/product-test.spec.js",
      "beforeHooks": [],
      "afterHooks": [],
      "tests": [],
      "suites": [
        {
          "uuid": "479bddd8-a3e6-482f-a96a-ac1c0bc64b51",
          "title": "To Test Add to Cart functionality",
          "fullFile": "",
          "file": "",
          "beforeHooks": [],
          "afterHooks": [],
          "tests": [
            {
              "title": "should add item to cart & give a success message",
              "fullTitle": "To Test Add to Cart functionality should add item to cart & give a success message",
              "timedOut": null,
              "duration": 2087,
              "state": "passed",
              "speed": "slow",
              "pass": true,
              "fail": false,
              "pending": false,
              "context": null,
              "code": "productPage.addToCart();",
              "err": {},
              "uuid": "18512fe1-2419-4eec-a7a7-be6555cf8a51",
              "parentUUID": "479bddd8-a3e6-482f-a96a-ac1c0bc64b51",
              "isHook": false,
              "skipped": false
            },
            {
              "title": "Test add to cart button color",
              "fullTitle": "To Test Add to Cart functionality Test add to cart button color",
              "timedOut": null,
              "duration": 1466,
              "state": "passed",
              "speed": "slow",
              "pass": true,
              "fail": false,
              "pending": false,
              "context": null,
              "code": "productPage.verifyButtonColor();",
              "err": {},
              "uuid": "327a77e0-25d9-4b39-98e6-94bfb77b7e3a",
              "parentUUID": "479bddd8-a3e6-482f-a96a-ac1c0bc64b51",
              "isHook": false,
              "skipped": false
            }
          ],
          "suites": [],
          "passes": [
            "18512fe1-2419-4eec-a7a7-be6555cf8a51",
            "327a77e0-25d9-4b39-98e6-94bfb77b7e3a"
          ],
          "failures": [],
          "pending": [],
          "skipped": [],
          "duration": 3553,
          "root": false,
          "rootEmpty": false,
          "_timeout": 2000
        }
      ],
      "passes": [],
      "failures": [],
      "pending": [],
      "skipped": [],
      "duration": 0,
      "root": true,
      "rootEmpty": true,
      "_timeout": 2000
    }
  ],
  "meta": {
    "mocha": {
      "version": "7.0.1"
    },
    "mochawesome": {
      "options": {
        "quiet": false,
        "reportFilename": "mochawesome",
        "saveHtml": false,
        "saveJson": true,
        "consoleReporter": "spec",
        "useInlineDiffs": false,
        "code": true
      },
      "version": "6.2.2"
    },
    "marge": {
      "options": {
        "id": "default",
        "reportDir": "cypress/reports/mocha",
        "quite": true,
        "overwrite": false,
        "html": false,
        "json": true,
        "charts": true
      },
      "version": "5.2.0"
    }
  }
}