{
  "stats": {
    "suites": 1,
    "tests": 2,
    "passes": 2,
    "pending": 0,
    "failures": 0,
    "start": "2021-07-29T06:40:00.454Z",
    "end": "2021-07-29T06:40:07.545Z",
    "duration": 7091,
    "testsRegistered": 2,
    "passPercent": 100,
    "pendingPercent": 0,
    "other": 0,
    "hasOther": false,
    "skipped": 0,
    "hasSkipped": false
  },
  "results": [
    {
      "uuid": "87cbcd36-4f32-4254-8911-f0d11822053e",
      "title": "",
      "fullFile": "cypress/integration/home-test.spec.js",
      "file": "cypress/integration/home-test.spec.js",
      "beforeHooks": [],
      "afterHooks": [],
      "tests": [],
      "suites": [
        {
          "uuid": "3f1fe09f-2e00-41df-8ac6-8e021a96e02f",
          "title": "To test monitors filter, verify product details then click on a monitor",
          "fullFile": "",
          "file": "",
          "beforeHooks": [],
          "afterHooks": [],
          "tests": [
            {
              "title": " verify product title, price & desc",
              "fullTitle": "To test monitors filter, verify product details then click on a monitor  verify product title, price & desc",
              "timedOut": null,
              "duration": 2915,
              "state": "passed",
              "speed": "slow",
              "pass": true,
              "fail": false,
              "pending": false,
              "context": null,
              "code": "homePage.verifyTitle();\nhomePage.verifyPrice();\nhomePage.verifyDesc();",
              "err": {},
              "uuid": "b7b5befa-21a6-4690-b413-d360d874d205",
              "parentUUID": "3f1fe09f-2e00-41df-8ac6-8e021a96e02f",
              "isHook": false,
              "skipped": false
            },
            {
              "title": "should redirect to ASUS monitor page",
              "fullTitle": "To test monitors filter, verify product details then click on a monitor should redirect to ASUS monitor page",
              "timedOut": null,
              "duration": 1533,
              "state": "passed",
              "speed": "slow",
              "pass": true,
              "fail": false,
              "pending": false,
              "context": null,
              "code": "homePage.clickOnAsusMonitor();",
              "err": {},
              "uuid": "a931d7c2-9930-4bf3-9cec-e24cdf7bb975",
              "parentUUID": "3f1fe09f-2e00-41df-8ac6-8e021a96e02f",
              "isHook": false,
              "skipped": false
            }
          ],
          "suites": [],
          "passes": [
            "b7b5befa-21a6-4690-b413-d360d874d205",
            "a931d7c2-9930-4bf3-9cec-e24cdf7bb975"
          ],
          "failures": [],
          "pending": [],
          "skipped": [],
          "duration": 4448,
          "root": false,
          "rootEmpty": false,
          "_timeout": 2000
        }
      ],
      "passes": [],
      "failures": [],
      "pending": [],
      "skipped": [],
      "duration": 0,
      "root": true,
      "rootEmpty": true,
      "_timeout": 2000
    }
  ],
  "meta": {
    "mocha": {
      "version": "7.0.1"
    },
    "mochawesome": {
      "options": {
        "quiet": false,
        "reportFilename": "mochawesome",
        "saveHtml": false,
        "saveJson": true,
        "consoleReporter": "spec",
        "useInlineDiffs": false,
        "code": true
      },
      "version": "6.2.2"
    },
    "marge": {
      "options": {
        "id": "default",
        "reportDir": "cypress/mochawesome-report",
        "quite": true,
        "overwrite": false,
        "html": false,
        "json": true,
        "charts": true
      },
      "version": "5.2.0"
    }
  }
}