{
  "stats": {
    "suites": 1,
    "tests": 3,
    "passes": 3,
    "pending": 0,
    "failures": 0,
    "start": "2021-07-29T06:50:17.289Z",
    "end": "2021-07-29T06:50:27.962Z",
    "duration": 10673,
    "testsRegistered": 3,
    "passPercent": 100,
    "pendingPercent": 0,
    "other": 0,
    "hasOther": false,
    "skipped": 0,
    "hasSkipped": false
  },
  "results": [
    {
      "uuid": "eb439b27-2dd4-464d-bfac-e3c182d278bb",
      "title": "",
      "fullFile": "cypress/integration/task1_suite1.spec.js",
      "file": "cypress/integration/task1_suite1.spec.js",
      "beforeHooks": [],
      "afterHooks": [],
      "tests": [],
      "suites": [
        {
          "uuid": "e2aa4703-49f8-4c1e-967e-be0e2b63433d",
          "title": "Test Suite 1",
          "fullFile": "",
          "file": "",
          "beforeHooks": [],
          "afterHooks": [],
          "tests": [
            {
              "title": "Test Case 1: Submit form with valid credentials & check validation msg ",
              "fullTitle": "Test Suite 1 Test Case 1: Submit form with valid credentials & check validation msg ",
              "timedOut": null,
              "duration": 4439,
              "state": "passed",
              "speed": "slow",
              "pass": true,
              "fail": false,
              "pending": false,
              "context": null,
              "code": "cy.get('#username').type('tomsmith');\ncy.get('#password').type('SuperSecretPassword!');\ncy.get('.fa').click();\ncy.get('#flash').should('contain', 'You logged into a secure area!');",
              "err": {},
              "uuid": "5ae07e63-27f5-4433-b52e-4908b8cf4079",
              "parentUUID": "e2aa4703-49f8-4c1e-967e-be0e2b63433d",
              "isHook": false,
              "skipped": false
            },
            {
              "title": "Test Case 2: Logout Successfully ",
              "fullTitle": "Test Suite 1 Test Case 2: Logout Successfully ",
              "timedOut": null,
              "duration": 1967,
              "state": "passed",
              "speed": "slow",
              "pass": true,
              "fail": false,
              "pending": false,
              "context": null,
              "code": "cy.get('#username').type('tomsmith');\ncy.get('#password').type('SuperSecretPassword!');\ncy.get('.fa').click();\ncy.get('#flash').should('contain', 'You logged into a secure area!');\ncy.get('.icon-2x').click();\ncy.get('#flash').should('contain', 'You logged out of the secure area!');",
              "err": {},
              "uuid": "b6958464-472e-4fb3-a709-9bc89632d869",
              "parentUUID": "e2aa4703-49f8-4c1e-967e-be0e2b63433d",
              "isHook": false,
              "skipped": false
            },
            {
              "title": "Test Case 3: Submit form with invalid crdentials and check error message",
              "fullTitle": "Test Suite 1 Test Case 3: Submit form with invalid crdentials and check error message",
              "timedOut": null,
              "duration": 1580,
              "state": "passed",
              "speed": "slow",
              "pass": true,
              "fail": false,
              "pending": false,
              "context": null,
              "code": "cy.get('#username').type('invalid username');\ncy.get('#password').type('invalid password');\ncy.get('.fa').click();\ncy.get('#flash').should('contain', 'Your username is invalid');",
              "err": {},
              "uuid": "1365419a-2580-4789-b3b1-385bc44e3655",
              "parentUUID": "e2aa4703-49f8-4c1e-967e-be0e2b63433d",
              "isHook": false,
              "skipped": false
            }
          ],
          "suites": [],
          "passes": [
            "5ae07e63-27f5-4433-b52e-4908b8cf4079",
            "b6958464-472e-4fb3-a709-9bc89632d869",
            "1365419a-2580-4789-b3b1-385bc44e3655"
          ],
          "failures": [],
          "pending": [],
          "skipped": [],
          "duration": 7986,
          "root": false,
          "rootEmpty": false,
          "_timeout": 2000
        }
      ],
      "passes": [],
      "failures": [],
      "pending": [],
      "skipped": [],
      "duration": 0,
      "root": true,
      "rootEmpty": true,
      "_timeout": 2000
    }
  ],
  "meta": {
    "mocha": {
      "version": "7.0.1"
    },
    "mochawesome": {
      "options": {
        "quiet": false,
        "reportFilename": "mochawesome",
        "saveHtml": false,
        "saveJson": true,
        "consoleReporter": "spec",
        "useInlineDiffs": false,
        "code": true
      },
      "version": "6.2.2"
    },
    "marge": {
      "options": {
        "id": "default",
        "reportDir": "cypress/mochawesome-report",
        "quite": true,
        "overwrite": false,
        "html": false,
        "json": true,
        "charts": true
      },
      "version": "5.2.0"
    }
  }
}