{
  "stats": {
    "suites": 1,
    "tests": 2,
    "passes": 2,
    "pending": 0,
    "failures": 0,
    "start": "2021-07-29T06:37:59.283Z",
    "end": "2021-07-29T06:38:03.694Z",
    "duration": 4411,
    "testsRegistered": 2,
    "passPercent": 100,
    "pendingPercent": 0,
    "other": 0,
    "hasOther": false,
    "skipped": 0,
    "hasSkipped": false
  },
  "results": [
    {
      "uuid": "da55a775-06f7-47e3-bb58-6c994a6feb47",
      "title": "",
      "fullFile": "cypress/integration/task1_suite2.spec.js",
      "file": "cypress/integration/task1_suite2.spec.js",
      "beforeHooks": [],
      "afterHooks": [],
      "tests": [],
      "suites": [
        {
          "uuid": "a59295dc-11b6-46c1-9c6f-bf4b80635560",
          "title": "Test Suite 2",
          "fullFile": "",
          "file": "",
          "beforeHooks": [],
          "afterHooks": [],
          "tests": [
            {
              "title": "Test Case 1: To search for an entry in the table. ",
              "fullTitle": "Test Suite 2 Test Case 1: To search for an entry in the table. ",
              "timedOut": null,
              "duration": 1166,
              "state": "passed",
              "speed": "slow",
              "pass": true,
              "fail": false,
              "pending": false,
              "context": null,
              "code": "cy.get('#task-table-filter').type('Bug');\ncy.get('td').should('contain', 'Bug');",
              "err": {},
              "uuid": "167f32f9-3ec0-4d82-8c33-8d3e8922ece3",
              "parentUUID": "a59295dc-11b6-46c1-9c6f-bf4b80635560",
              "isHook": false,
              "skipped": false
            },
            {
              "title": "Test Case 2:to check that filters are disabled before clicking on filter icon, then filter by username",
              "fullTitle": "Test Suite 2 Test Case 2:to check that filters are disabled before clicking on filter icon, then filter by username",
              "timedOut": null,
              "duration": 956,
              "state": "passed",
              "speed": "slow",
              "pass": true,
              "fail": false,
              "pending": false,
              "context": null,
              "code": "cy.get('.form-control').should('be.disabled');\ncy.get('.btn-filter').click();\ncy.get('.filters > :nth-child(2)').type('jacobs');\ncy.get('td').should('contain', 'jacobs');",
              "err": {},
              "uuid": "ce8324c3-2306-4eda-a131-0f30db95b8a0",
              "parentUUID": "a59295dc-11b6-46c1-9c6f-bf4b80635560",
              "isHook": false,
              "skipped": false
            }
          ],
          "suites": [],
          "passes": [
            "167f32f9-3ec0-4d82-8c33-8d3e8922ece3",
            "ce8324c3-2306-4eda-a131-0f30db95b8a0"
          ],
          "failures": [],
          "pending": [],
          "skipped": [],
          "duration": 2122,
          "root": false,
          "rootEmpty": false,
          "_timeout": 2000
        }
      ],
      "passes": [],
      "failures": [],
      "pending": [],
      "skipped": [],
      "duration": 0,
      "root": true,
      "rootEmpty": true,
      "_timeout": 2000
    }
  ],
  "meta": {
    "mocha": {
      "version": "7.0.1"
    },
    "mochawesome": {
      "options": {
        "quiet": false,
        "reportFilename": "mochawesome",
        "saveHtml": false,
        "saveJson": true,
        "consoleReporter": "spec",
        "useInlineDiffs": false,
        "code": true
      },
      "version": "6.2.2"
    },
    "marge": {
      "options": {
        "id": "default",
        "reportDir": "cypress/mochawesome-report",
        "quite": true,
        "overwrite": false,
        "html": false,
        "json": true,
        "charts": true
      },
      "version": "5.2.0"
    }
  }
}