{
  "stats": {
    "suites": 0,
    "tests": 2,
    "passes": 2,
    "pending": 0,
    "failures": 0,
    "start": "2021-07-29T06:40:33.488Z",
    "end": "2021-07-29T06:40:39.819Z",
    "duration": 6331,
    "testsRegistered": 2,
    "passPercent": 100,
    "pendingPercent": 0,
    "other": 0,
    "hasOther": false,
    "skipped": 0,
    "hasSkipped": false
  },
  "results": [
    {
      "uuid": "d6730c7a-e6ed-42e5-a954-9a79a515781a",
      "title": "",
      "fullFile": "cypress/integration/task-3.spec.js",
      "file": "cypress/integration/task-3.spec.js",
      "beforeHooks": [],
      "afterHooks": [],
      "tests": [
        {
          "title": "land on home page and click on monitors filter, verify product details then click on monitor",
          "fullTitle": "land on home page and click on monitors filter, verify product details then click on monitor",
          "timedOut": null,
          "duration": 3150,
          "state": "passed",
          "speed": "slow",
          "pass": true,
          "fail": false,
          "pending": false,
          "context": null,
          "code": "homePage.openUrl();\nhomePage.clickOnMonitorLink();\nhomePage.verifyTitle();\nhomePage.verifyPrice();\nhomePage.verifyDesc();\nhomePage.clickOnAsusMonitor();",
          "err": {},
          "uuid": "8e3667bc-4776-4f97-b4c1-cae8785cb612",
          "parentUUID": "d6730c7a-e6ed-42e5-a954-9a79a515781a",
          "isHook": false,
          "skipped": false
        },
        {
          "title": "add to cart",
          "fullTitle": "add to cart",
          "timedOut": null,
          "duration": 1129,
          "state": "passed",
          "speed": "slow",
          "pass": true,
          "fail": false,
          "pending": false,
          "context": null,
          "code": "productPage.openUrl();\nproductPage.addToCart();\nproductPage.verifyButtonColor();",
          "err": {},
          "uuid": "2c069b33-79da-4944-a75d-0fdbe8c88425",
          "parentUUID": "d6730c7a-e6ed-42e5-a954-9a79a515781a",
          "isHook": false,
          "skipped": false
        }
      ],
      "suites": [],
      "passes": [
        "8e3667bc-4776-4f97-b4c1-cae8785cb612",
        "2c069b33-79da-4944-a75d-0fdbe8c88425"
      ],
      "failures": [],
      "pending": [],
      "skipped": [],
      "duration": 4279,
      "root": true,
      "rootEmpty": false,
      "_timeout": 2000
    }
  ],
  "meta": {
    "mocha": {
      "version": "7.0.1"
    },
    "mochawesome": {
      "options": {
        "quiet": false,
        "reportFilename": "mochawesome",
        "saveHtml": false,
        "saveJson": true,
        "consoleReporter": "spec",
        "useInlineDiffs": false,
        "code": true
      },
      "version": "6.2.2"
    },
    "marge": {
      "options": {
        "id": "default",
        "reportDir": "cypress/mochawesome-report",
        "quite": true,
        "overwrite": false,
        "html": false,
        "json": true,
        "charts": true
      },
      "version": "5.2.0"
    }
  }
}