{
  "stats": {
    "suites": 1,
    "tests": 2,
    "passes": 2,
    "pending": 0,
    "failures": 0,
    "start": "2021-07-28T13:30:30.165Z",
    "end": "2021-07-28T13:30:36.514Z",
    "duration": 6349,
    "testsRegistered": 2,
    "passPercent": 100,
    "pendingPercent": 0,
    "other": 0,
    "hasOther": false,
    "skipped": 0,
    "hasSkipped": false
  },
  "results": [
    {
      "uuid": "bf8bea37-ae6d-4bb4-a8de-9dbb19446f39",
      "title": "",
      "fullFile": "cypress/integration/task1_suite2.spec.js",
      "file": "cypress/integration/task1_suite2.spec.js",
      "beforeHooks": [],
      "afterHooks": [],
      "tests": [],
      "suites": [
        {
          "uuid": "8c0c279f-f78c-41ae-919a-4ff645d173ca",
          "title": "Test Suite 2",
          "fullFile": "",
          "file": "",
          "beforeHooks": [],
          "afterHooks": [],
          "tests": [
            {
              "title": "Test Case 1: To search for an entry in the table. ",
              "fullTitle": "Test Suite 2 Test Case 1: To search for an entry in the table. ",
              "timedOut": null,
              "duration": 1571,
              "state": "passed",
              "speed": "slow",
              "pass": true,
              "fail": false,
              "pending": false,
              "context": null,
              "code": "cy.get('#task-table-filter').type('Bug');\ncy.get('td').should('contain', 'Bug');",
              "err": {},
              "uuid": "3ab0199d-4a52-44ba-9875-61916d205b98",
              "parentUUID": "8c0c279f-f78c-41ae-919a-4ff645d173ca",
              "isHook": false,
              "skipped": false
            },
            {
              "title": "Test Case 2:to check that filters are disabled before clicking on filter icon, then filter by username",
              "fullTitle": "Test Suite 2 Test Case 2:to check that filters are disabled before clicking on filter icon, then filter by username",
              "timedOut": null,
              "duration": 1029,
              "state": "passed",
              "speed": "slow",
              "pass": true,
              "fail": false,
              "pending": false,
              "context": null,
              "code": "cy.get('.form-control').should('be.disabled');\ncy.get('.btn-filter').click();\ncy.get('.filters > :nth-child(2)').type('jacobs');\ncy.get('td').should('contain', 'jacobs');",
              "err": {},
              "uuid": "d856ad29-f2d4-4098-9fce-0fdc8c3f6493",
              "parentUUID": "8c0c279f-f78c-41ae-919a-4ff645d173ca",
              "isHook": false,
              "skipped": false
            }
          ],
          "suites": [],
          "passes": [
            "3ab0199d-4a52-44ba-9875-61916d205b98",
            "d856ad29-f2d4-4098-9fce-0fdc8c3f6493"
          ],
          "failures": [],
          "pending": [],
          "skipped": [],
          "duration": 2600,
          "root": false,
          "rootEmpty": false,
          "_timeout": 2000
        }
      ],
      "passes": [],
      "failures": [],
      "pending": [],
      "skipped": [],
      "duration": 0,
      "root": true,
      "rootEmpty": true,
      "_timeout": 2000
    }
  ],
  "meta": {
    "mocha": {
      "version": "7.0.1"
    },
    "mochawesome": {
      "options": {
        "quiet": false,
        "reportFilename": "mochawesome",
        "saveHtml": false,
        "saveJson": true,
        "consoleReporter": "spec",
        "useInlineDiffs": false,
        "code": true
      },
      "version": "6.2.2"
    },
    "marge": {
      "options": {
        "id": "default",
        "reportDir": "cypress/mochawesome-report",
        "quite": true,
        "overwrite": false,
        "html": false,
        "json": true,
        "charts": true
      },
      "version": "5.2.0"
    }
  }
}