{
  "stats": {
    "suites": 1,
    "tests": 2,
    "passes": 2,
    "pending": 0,
    "failures": 0,
    "start": "2021-07-29T06:40:14.228Z",
    "end": "2021-07-29T06:40:19.234Z",
    "duration": 5006,
    "testsRegistered": 2,
    "passPercent": 100,
    "pendingPercent": 0,
    "other": 0,
    "hasOther": false,
    "skipped": 0,
    "hasSkipped": false
  },
  "results": [
    {
      "uuid": "406a8cbc-0dd3-491b-bc4c-712d906c3405",
      "title": "",
      "fullFile": "cypress/integration/product-test.spec.js",
      "file": "cypress/integration/product-test.spec.js",
      "beforeHooks": [],
      "afterHooks": [],
      "tests": [],
      "suites": [
        {
          "uuid": "75d43004-609d-417f-87be-ba1dd2e801fe",
          "title": "To Test Add to Cart functionality",
          "fullFile": "",
          "file": "",
          "beforeHooks": [],
          "afterHooks": [],
          "tests": [
            {
              "title": "should add item to cart & give a success message",
              "fullTitle": "To Test Add to Cart functionality should add item to cart & give a success message",
              "timedOut": null,
              "duration": 2229,
              "state": "passed",
              "speed": "slow",
              "pass": true,
              "fail": false,
              "pending": false,
              "context": null,
              "code": "productPage.addToCart();",
              "err": {},
              "uuid": "d0df4585-2f98-4d8d-b709-676d6d066e98",
              "parentUUID": "75d43004-609d-417f-87be-ba1dd2e801fe",
              "isHook": false,
              "skipped": false
            },
            {
              "title": "Test add to cart button color",
              "fullTitle": "To Test Add to Cart functionality Test add to cart button color",
              "timedOut": null,
              "duration": 793,
              "state": "passed",
              "speed": "slow",
              "pass": true,
              "fail": false,
              "pending": false,
              "context": null,
              "code": "productPage.verifyButtonColor();",
              "err": {},
              "uuid": "05f9d9a2-c3db-427d-b2cd-c5ae29444902",
              "parentUUID": "75d43004-609d-417f-87be-ba1dd2e801fe",
              "isHook": false,
              "skipped": false
            }
          ],
          "suites": [],
          "passes": [
            "d0df4585-2f98-4d8d-b709-676d6d066e98",
            "05f9d9a2-c3db-427d-b2cd-c5ae29444902"
          ],
          "failures": [],
          "pending": [],
          "skipped": [],
          "duration": 3022,
          "root": false,
          "rootEmpty": false,
          "_timeout": 2000
        }
      ],
      "passes": [],
      "failures": [],
      "pending": [],
      "skipped": [],
      "duration": 0,
      "root": true,
      "rootEmpty": true,
      "_timeout": 2000
    }
  ],
  "meta": {
    "mocha": {
      "version": "7.0.1"
    },
    "mochawesome": {
      "options": {
        "quiet": false,
        "reportFilename": "mochawesome",
        "saveHtml": false,
        "saveJson": true,
        "consoleReporter": "spec",
        "useInlineDiffs": false,
        "code": true
      },
      "version": "6.2.2"
    },
    "marge": {
      "options": {
        "id": "default",
        "reportDir": "cypress/mochawesome-report",
        "quite": true,
        "overwrite": false,
        "html": false,
        "json": true,
        "charts": true
      },
      "version": "5.2.0"
    }
  }
}