{
  "stats": {
    "suites": 1,
    "tests": 2,
    "passes": 2,
    "pending": 0,
    "failures": 0,
    "start": "2021-07-29T06:32:42.579Z",
    "end": "2021-07-29T06:32:46.529Z",
    "duration": 3950,
    "testsRegistered": 2,
    "passPercent": 100,
    "pendingPercent": 0,
    "other": 0,
    "hasOther": false,
    "skipped": 0,
    "hasSkipped": false
  },
  "results": [
    {
      "uuid": "95dfe172-6a6d-494d-ba68-07ea8d342d7b",
      "title": "",
      "fullFile": "cypress/integration/task1_suite3.spec.js",
      "file": "cypress/integration/task1_suite3.spec.js",
      "beforeHooks": [],
      "afterHooks": [],
      "tests": [],
      "suites": [
        {
          "uuid": "7e293fb7-ccc5-452e-b4cd-6136e07131bf",
          "title": "Test Suite 3",
          "fullFile": "",
          "file": "",
          "beforeHooks": [],
          "afterHooks": [],
          "tests": [
            {
              "title": "Test Case 1: Single checkbox demo ",
              "fullTitle": "Test Suite 3 Test Case 1: Single checkbox demo ",
              "timedOut": null,
              "duration": 2296,
              "state": "passed",
              "speed": "slow",
              "pass": true,
              "fail": false,
              "pending": false,
              "context": null,
              "code": "cy.get('#isAgeSelected').check();\ncy.get('#txtAge').should('contain', 'Success - Check box is checked');",
              "err": {},
              "uuid": "3c05f81a-7bc4-4a6f-ac76-ffa38dcb8b5b",
              "parentUUID": "7e293fb7-ccc5-452e-b4cd-6136e07131bf",
              "isHook": false,
              "skipped": false
            },
            {
              "title": "Test Case 2:Multiple checkbox demo ",
              "fullTitle": "Test Suite 3 Test Case 2:Multiple checkbox demo ",
              "timedOut": null,
              "duration": 392,
              "state": "passed",
              "speed": "slow",
              "pass": true,
              "fail": false,
              "pending": false,
              "context": null,
              "code": "cy.get('#check1').click();\ncy.get('.cb1-element').should('be.checked');",
              "err": {},
              "uuid": "2b2e51e1-bf84-4a78-8042-a311aaa58853",
              "parentUUID": "7e293fb7-ccc5-452e-b4cd-6136e07131bf",
              "isHook": false,
              "skipped": false
            }
          ],
          "suites": [],
          "passes": [
            "3c05f81a-7bc4-4a6f-ac76-ffa38dcb8b5b",
            "2b2e51e1-bf84-4a78-8042-a311aaa58853"
          ],
          "failures": [],
          "pending": [],
          "skipped": [],
          "duration": 2688,
          "root": false,
          "rootEmpty": false,
          "_timeout": 2000
        }
      ],
      "passes": [],
      "failures": [],
      "pending": [],
      "skipped": [],
      "duration": 0,
      "root": true,
      "rootEmpty": true,
      "_timeout": 2000
    }
  ],
  "meta": {
    "mocha": {
      "version": "7.0.1"
    },
    "mochawesome": {
      "options": {
        "quiet": false,
        "reportFilename": "mochawesome",
        "saveHtml": false,
        "saveJson": true,
        "consoleReporter": "spec",
        "useInlineDiffs": false,
        "code": true
      },
      "version": "6.2.2"
    },
    "marge": {
      "options": {
        "id": "default",
        "reportDir": "cypress/mochawesome-report",
        "quite": true,
        "overwrite": false,
        "html": false,
        "json": true,
        "charts": true
      },
      "version": "5.2.0"
    }
  }
}