{
  "stats": {
    "suites": 1,
    "tests": 2,
    "passes": 2,
    "pending": 0,
    "failures": 0,
    "start": "2021-07-29T06:38:08.803Z",
    "end": "2021-07-29T06:38:13.115Z",
    "duration": 4312,
    "testsRegistered": 2,
    "passPercent": 100,
    "pendingPercent": 0,
    "other": 0,
    "hasOther": false,
    "skipped": 0,
    "hasSkipped": false
  },
  "results": [
    {
      "uuid": "d3d9a0b6-3c37-4294-88db-ef46db976666",
      "title": "",
      "fullFile": "cypress/integration/task1_suite3.spec.js",
      "file": "cypress/integration/task1_suite3.spec.js",
      "beforeHooks": [],
      "afterHooks": [],
      "tests": [],
      "suites": [
        {
          "uuid": "83b1ebe6-3fc9-4059-a7ae-22db29ed3dee",
          "title": "Test Suite 3",
          "fullFile": "",
          "file": "",
          "beforeHooks": [],
          "afterHooks": [],
          "tests": [
            {
              "title": "Test Case 1: Single checkbox demo ",
              "fullTitle": "Test Suite 3 Test Case 1: Single checkbox demo ",
              "timedOut": null,
              "duration": 2239,
              "state": "passed",
              "speed": "slow",
              "pass": true,
              "fail": false,
              "pending": false,
              "context": null,
              "code": "cy.get('#isAgeSelected').check();\ncy.get('#txtAge').should('contain', 'Success - Check box is checked');",
              "err": {},
              "uuid": "cdb901e8-2410-4752-ad7c-27bcbd83cce7",
              "parentUUID": "83b1ebe6-3fc9-4059-a7ae-22db29ed3dee",
              "isHook": false,
              "skipped": false
            },
            {
              "title": "Test Case 2:Multiple checkbox demo ",
              "fullTitle": "Test Suite 3 Test Case 2:Multiple checkbox demo ",
              "timedOut": null,
              "duration": 404,
              "state": "passed",
              "speed": "slow",
              "pass": true,
              "fail": false,
              "pending": false,
              "context": null,
              "code": "cy.get('#check1').click();\ncy.get('.cb1-element').should('be.checked');",
              "err": {},
              "uuid": "7dbf8bf3-0259-4a54-b916-5db57a8d0d4e",
              "parentUUID": "83b1ebe6-3fc9-4059-a7ae-22db29ed3dee",
              "isHook": false,
              "skipped": false
            }
          ],
          "suites": [],
          "passes": [
            "cdb901e8-2410-4752-ad7c-27bcbd83cce7",
            "7dbf8bf3-0259-4a54-b916-5db57a8d0d4e"
          ],
          "failures": [],
          "pending": [],
          "skipped": [],
          "duration": 2643,
          "root": false,
          "rootEmpty": false,
          "_timeout": 2000
        }
      ],
      "passes": [],
      "failures": [],
      "pending": [],
      "skipped": [],
      "duration": 0,
      "root": true,
      "rootEmpty": true,
      "_timeout": 2000
    }
  ],
  "meta": {
    "mocha": {
      "version": "7.0.1"
    },
    "mochawesome": {
      "options": {
        "quiet": false,
        "reportFilename": "mochawesome",
        "saveHtml": false,
        "saveJson": true,
        "consoleReporter": "spec",
        "useInlineDiffs": false,
        "code": true
      },
      "version": "6.2.2"
    },
    "marge": {
      "options": {
        "id": "default",
        "reportDir": "cypress/mochawesome-report",
        "quite": true,
        "overwrite": false,
        "html": false,
        "json": true,
        "charts": true
      },
      "version": "5.2.0"
    }
  }
}