{
  "stats": {
    "suites": 1,
    "tests": 1,
    "passes": 1,
    "pending": 0,
    "failures": 0,
    "start": "2021-07-29T06:28:29.978Z",
    "end": "2021-07-29T06:28:35.187Z",
    "duration": 5209,
    "testsRegistered": 1,
    "passPercent": 100,
    "pendingPercent": 0,
    "other": 0,
    "hasOther": false,
    "skipped": 0,
    "hasSkipped": false
  },
  "results": [
    {
      "uuid": "3711835c-21bf-4f66-92d8-0227c485cf3c",
      "title": "",
      "fullFile": "cypress/integration/task_2.spec.js",
      "file": "cypress/integration/task_2.spec.js",
      "beforeHooks": [],
      "afterHooks": [],
      "tests": [],
      "suites": [
        {
          "uuid": "22a8e3df-6926-4143-ba24-b4e9843ac665",
          "title": "Cypress Task 2: Test Suite 3",
          "fullFile": "",
          "file": "",
          "beforeHooks": [],
          "afterHooks": [],
          "tests": [
            {
              "title": "Add, check, filter, check displayed",
              "fullTitle": "Cypress Task 2: Test Suite 3 Add, check, filter, check displayed",
              "timedOut": null,
              "duration": 2306,
              "state": "passed",
              "speed": "slow",
              "pass": true,
              "fail": false,
              "pending": false,
              "context": null,
              "code": "//Add two items to the todo list\n// cy.fixture('data.json').then((data) => {})\ncy.get('.new-todo').type(\"Item 1{enter}\").type(\"Item 2{enter}\"); // cy.get('.new-todo').type(data.todo2).type('{enter}');\n//Assertions\ncy.get('.ng-binding').should('contain', 'Item 1');\ncy.get('.ng-binding').should('contain', 'Item 2'); //Mark an item as completed\ncy.contains('li', 'Item 1').find('.toggle').click(); //Assertions\ncy.contains('li', 'Item 1').find('.toggle').should('be.checked'); //Filters the list by \"Completed\"\ncy.get('[href=\"#/completed\"]').click(); //cy.contains('a','Completed').click()\n// cy.get('ul.filters > :nth-child(3)').click();\n//Checks that only the completed item is displayed\ncy.get('.ng-binding').should('contain', 'Item 1').should('exist');\ncy.get('.ng-binding').should('not.contain', 'Item 2');",
              "err": {},
              "uuid": "fbfa474d-96fa-4a52-8f1a-b5fc88dc6314",
              "parentUUID": "22a8e3df-6926-4143-ba24-b4e9843ac665",
              "isHook": false,
              "skipped": false
            }
          ],
          "suites": [],
          "passes": [
            "fbfa474d-96fa-4a52-8f1a-b5fc88dc6314"
          ],
          "failures": [],
          "pending": [],
          "skipped": [],
          "duration": 2306,
          "root": false,
          "rootEmpty": false,
          "_timeout": 2000
        }
      ],
      "passes": [],
      "failures": [],
      "pending": [],
      "skipped": [],
      "duration": 0,
      "root": true,
      "rootEmpty": true,
      "_timeout": 2000
    }
  ],
  "meta": {
    "mocha": {
      "version": "7.0.1"
    },
    "mochawesome": {
      "options": {
        "quiet": false,
        "reportFilename": "mochawesome",
        "saveHtml": false,
        "saveJson": true,
        "consoleReporter": "spec",
        "useInlineDiffs": false,
        "code": true
      },
      "version": "6.2.2"
    },
    "marge": {
      "options": {
        "id": "default",
        "reportDir": "cypress/mochawesome-report",
        "quite": true,
        "overwrite": false,
        "html": false,
        "json": true,
        "charts": true
      },
      "version": "5.2.0"
    }
  }
}