{
  "stats": {
    "suites": 1,
    "tests": 2,
    "passes": 2,
    "pending": 0,
    "failures": 0,
    "start": "2021-07-28T13:30:43.816Z",
    "end": "2021-07-28T13:30:49.016Z",
    "duration": 5200,
    "testsRegistered": 2,
    "passPercent": 100,
    "pendingPercent": 0,
    "other": 0,
    "hasOther": false,
    "skipped": 0,
    "hasSkipped": false
  },
  "results": [
    {
      "uuid": "31d357ac-4d3a-40d0-8058-800e3670f1d2",
      "title": "",
      "fullFile": "cypress/integration/task1_suite3.spec.js",
      "file": "cypress/integration/task1_suite3.spec.js",
      "beforeHooks": [],
      "afterHooks": [],
      "tests": [],
      "suites": [
        {
          "uuid": "505f636c-47b0-4db3-83c7-12838323b6bc",
          "title": "Test Suite 3",
          "fullFile": "",
          "file": "",
          "beforeHooks": [],
          "afterHooks": [],
          "tests": [
            {
              "title": "Test Case 1: Single checkbox demo ",
              "fullTitle": "Test Suite 3 Test Case 1: Single checkbox demo ",
              "timedOut": null,
              "duration": 2639,
              "state": "passed",
              "speed": "slow",
              "pass": true,
              "fail": false,
              "pending": false,
              "context": null,
              "code": "cy.get('#isAgeSelected').check();\ncy.get('#txtAge').should('contain', 'Success - Check box is checked');",
              "err": {},
              "uuid": "bfe7f6dc-714d-4ead-83ee-4b68323a1255",
              "parentUUID": "505f636c-47b0-4db3-83c7-12838323b6bc",
              "isHook": false,
              "skipped": false
            },
            {
              "title": "Test Case 2:Multiple checkbox demo ",
              "fullTitle": "Test Suite 3 Test Case 2:Multiple checkbox demo ",
              "timedOut": null,
              "duration": 572,
              "state": "passed",
              "speed": "slow",
              "pass": true,
              "fail": false,
              "pending": false,
              "context": null,
              "code": "cy.get('#check1').click();\ncy.get('.cb1-element').should('be.checked');",
              "err": {},
              "uuid": "119f7e12-8865-4cc8-bdd5-2f9755cca72c",
              "parentUUID": "505f636c-47b0-4db3-83c7-12838323b6bc",
              "isHook": false,
              "skipped": false
            }
          ],
          "suites": [],
          "passes": [
            "bfe7f6dc-714d-4ead-83ee-4b68323a1255",
            "119f7e12-8865-4cc8-bdd5-2f9755cca72c"
          ],
          "failures": [],
          "pending": [],
          "skipped": [],
          "duration": 3211,
          "root": false,
          "rootEmpty": false,
          "_timeout": 2000
        }
      ],
      "passes": [],
      "failures": [],
      "pending": [],
      "skipped": [],
      "duration": 0,
      "root": true,
      "rootEmpty": true,
      "_timeout": 2000
    }
  ],
  "meta": {
    "mocha": {
      "version": "7.0.1"
    },
    "mochawesome": {
      "options": {
        "quiet": false,
        "reportFilename": "mochawesome",
        "saveHtml": false,
        "saveJson": true,
        "consoleReporter": "spec",
        "useInlineDiffs": false,
        "code": true
      },
      "version": "6.2.2"
    },
    "marge": {
      "options": {
        "id": "default",
        "reportDir": "cypress/mochawesome-report",
        "quite": true,
        "overwrite": false,
        "html": false,
        "json": true,
        "charts": true
      },
      "version": "5.2.0"
    }
  }
}