{
  "stats": {
    "suites": 1,
    "tests": 2,
    "passes": 2,
    "pending": 0,
    "failures": 0,
    "start": "2021-07-28T13:29:05.228Z",
    "end": "2021-07-28T13:29:17.846Z",
    "duration": 12618,
    "testsRegistered": 2,
    "passPercent": 100,
    "pendingPercent": 0,
    "other": 0,
    "hasOther": false,
    "skipped": 0,
    "hasSkipped": false
  },
  "results": [
    {
      "uuid": "7c09e02e-0093-48a0-bdb0-5bfebdadb5ca",
      "title": "",
      "fullFile": "cypress/integration/home-test.spec.js",
      "file": "cypress/integration/home-test.spec.js",
      "beforeHooks": [],
      "afterHooks": [],
      "tests": [],
      "suites": [
        {
          "uuid": "b98ef14b-bf74-4f6b-a1f4-9e8a404a81a5",
          "title": "To test monitors filter, verify product details then click on a monitor",
          "fullFile": "",
          "file": "",
          "beforeHooks": [],
          "afterHooks": [],
          "tests": [
            {
              "title": " verify product title, price & desc",
              "fullTitle": "To test monitors filter, verify product details then click on a monitor  verify product title, price & desc",
              "timedOut": null,
              "duration": 4501,
              "state": "passed",
              "speed": "slow",
              "pass": true,
              "fail": false,
              "pending": false,
              "context": null,
              "code": "homePage.verifyTitle();\nhomePage.verifyPrice();\nhomePage.verifyDesc();",
              "err": {},
              "uuid": "089fd7bb-691e-4932-87fc-c5181c8f3be7",
              "parentUUID": "b98ef14b-bf74-4f6b-a1f4-9e8a404a81a5",
              "isHook": false,
              "skipped": false
            },
            {
              "title": "should redirect to ASUS monitor page",
              "fullTitle": "To test monitors filter, verify product details then click on a monitor should redirect to ASUS monitor page",
              "timedOut": null,
              "duration": 4728,
              "state": "passed",
              "speed": "slow",
              "pass": true,
              "fail": false,
              "pending": false,
              "context": null,
              "code": "homePage.clickOnAsusMonitor();",
              "err": {},
              "uuid": "7572719e-3465-4d6f-b0b8-96ca1656180c",
              "parentUUID": "b98ef14b-bf74-4f6b-a1f4-9e8a404a81a5",
              "isHook": false,
              "skipped": false
            }
          ],
          "suites": [],
          "passes": [
            "089fd7bb-691e-4932-87fc-c5181c8f3be7",
            "7572719e-3465-4d6f-b0b8-96ca1656180c"
          ],
          "failures": [],
          "pending": [],
          "skipped": [],
          "duration": 9229,
          "root": false,
          "rootEmpty": false,
          "_timeout": 2000
        }
      ],
      "passes": [],
      "failures": [],
      "pending": [],
      "skipped": [],
      "duration": 0,
      "root": true,
      "rootEmpty": true,
      "_timeout": 2000
    }
  ],
  "meta": {
    "mocha": {
      "version": "7.0.1"
    },
    "mochawesome": {
      "options": {
        "quiet": false,
        "reportFilename": "mochawesome",
        "saveHtml": false,
        "saveJson": true,
        "consoleReporter": "spec",
        "useInlineDiffs": false,
        "code": true
      },
      "version": "6.2.2"
    },
    "marge": {
      "options": {
        "id": "default",
        "reportDir": "cypress/mochawesome-report",
        "quite": true,
        "overwrite": false,
        "html": false,
        "json": true,
        "charts": true
      },
      "version": "5.2.0"
    }
  }
}