{
  "stats": {
    "suites": 1,
    "tests": 2,
    "passes": 2,
    "pending": 0,
    "failures": 0,
    "start": "2021-07-28T13:29:27.265Z",
    "end": "2021-07-28T13:29:32.545Z",
    "duration": 5280,
    "testsRegistered": 2,
    "passPercent": 100,
    "pendingPercent": 0,
    "other": 0,
    "hasOther": false,
    "skipped": 0,
    "hasSkipped": false
  },
  "results": [
    {
      "uuid": "d62b2107-f006-487e-ab13-a0fcbadb401f",
      "title": "",
      "fullFile": "cypress/integration/product-test.spec.js",
      "file": "cypress/integration/product-test.spec.js",
      "beforeHooks": [],
      "afterHooks": [],
      "tests": [],
      "suites": [
        {
          "uuid": "993daf1b-b304-4940-b128-6f654f9f289b",
          "title": "To Test Add to Cart functionality",
          "fullFile": "",
          "file": "",
          "beforeHooks": [],
          "afterHooks": [],
          "tests": [
            {
              "title": "should add item to cart & give a success message",
              "fullTitle": "To Test Add to Cart functionality should add item to cart & give a success message",
              "timedOut": null,
              "duration": 2462,
              "state": "passed",
              "speed": "slow",
              "pass": true,
              "fail": false,
              "pending": false,
              "context": null,
              "code": "productPage.addToCart();",
              "err": {},
              "uuid": "98576b51-64e2-46f5-8408-85675484c4b6",
              "parentUUID": "993daf1b-b304-4940-b128-6f654f9f289b",
              "isHook": false,
              "skipped": false
            },
            {
              "title": "Test add to cart button color",
              "fullTitle": "To Test Add to Cart functionality Test add to cart button color",
              "timedOut": null,
              "duration": 821,
              "state": "passed",
              "speed": "slow",
              "pass": true,
              "fail": false,
              "pending": false,
              "context": null,
              "code": "productPage.verifyButtonColor();",
              "err": {},
              "uuid": "b2bad9ed-542d-4e88-bc99-a5ed6ec8840f",
              "parentUUID": "993daf1b-b304-4940-b128-6f654f9f289b",
              "isHook": false,
              "skipped": false
            }
          ],
          "suites": [],
          "passes": [
            "98576b51-64e2-46f5-8408-85675484c4b6",
            "b2bad9ed-542d-4e88-bc99-a5ed6ec8840f"
          ],
          "failures": [],
          "pending": [],
          "skipped": [],
          "duration": 3283,
          "root": false,
          "rootEmpty": false,
          "_timeout": 2000
        }
      ],
      "passes": [],
      "failures": [],
      "pending": [],
      "skipped": [],
      "duration": 0,
      "root": true,
      "rootEmpty": true,
      "_timeout": 2000
    }
  ],
  "meta": {
    "mocha": {
      "version": "7.0.1"
    },
    "mochawesome": {
      "options": {
        "quiet": false,
        "reportFilename": "mochawesome",
        "saveHtml": false,
        "saveJson": true,
        "consoleReporter": "spec",
        "useInlineDiffs": false,
        "code": true
      },
      "version": "6.2.2"
    },
    "marge": {
      "options": {
        "id": "default",
        "reportDir": "cypress/mochawesome-report",
        "quite": true,
        "overwrite": false,
        "html": false,
        "json": true,
        "charts": true
      },
      "version": "5.2.0"
    }
  }
}