{
  "stats": {
    "suites": 1,
    "tests": 3,
    "passes": 3,
    "pending": 0,
    "failures": 0,
    "start": "2021-07-29T06:28:50.777Z",
    "end": "2021-07-29T06:29:02.154Z",
    "duration": 11377,
    "testsRegistered": 3,
    "passPercent": 100,
    "pendingPercent": 0,
    "other": 0,
    "hasOther": false,
    "skipped": 0,
    "hasSkipped": false
  },
  "results": [
    {
      "uuid": "f71ba75f-7294-46d8-9b3e-1ec220c27f72",
      "title": "",
      "fullFile": "cypress/integration/task1_suite1.spec.js",
      "file": "cypress/integration/task1_suite1.spec.js",
      "beforeHooks": [],
      "afterHooks": [],
      "tests": [],
      "suites": [
        {
          "uuid": "78d227bb-015e-4df0-b3a7-dd55bcf81f1a",
          "title": "Test Suite 1",
          "fullFile": "",
          "file": "",
          "beforeHooks": [],
          "afterHooks": [],
          "tests": [
            {
              "title": "Test Case 1: Submit form with valid credentials & check validation msg ",
              "fullTitle": "Test Suite 1 Test Case 1: Submit form with valid credentials & check validation msg ",
              "timedOut": null,
              "duration": 4649,
              "state": "passed",
              "speed": "slow",
              "pass": true,
              "fail": false,
              "pending": false,
              "context": null,
              "code": "cy.get('#username').type('tomsmith');\ncy.get('#password').type('SuperSecretPassword!');\ncy.get('.fa').click();\ncy.get('#flash').should('contain', 'You logged into a secure area!');",
              "err": {},
              "uuid": "54812295-4f6e-4a25-b1d2-0eb1ca494471",
              "parentUUID": "78d227bb-015e-4df0-b3a7-dd55bcf81f1a",
              "isHook": false,
              "skipped": false
            },
            {
              "title": "Test Case 2: Logout Successfully ",
              "fullTitle": "Test Suite 1 Test Case 2: Logout Successfully ",
              "timedOut": null,
              "duration": 2024,
              "state": "passed",
              "speed": "slow",
              "pass": true,
              "fail": false,
              "pending": false,
              "context": null,
              "code": "cy.get('#username').type('tomsmith');\ncy.get('#password').type('SuperSecretPassword!');\ncy.get('.fa').click();\ncy.get('#flash').should('contain', 'You logged into a secure area!');\ncy.get('.icon-2x').click();\ncy.get('#flash').should('contain', 'You logged out of the secure area!');",
              "err": {},
              "uuid": "054f4dd2-e05e-4a90-95c6-96205534dcaa",
              "parentUUID": "78d227bb-015e-4df0-b3a7-dd55bcf81f1a",
              "isHook": false,
              "skipped": false
            },
            {
              "title": "Test Case 3: Submit form with invalid crdentials and check error message",
              "fullTitle": "Test Suite 1 Test Case 3: Submit form with invalid crdentials and check error message",
              "timedOut": null,
              "duration": 1614,
              "state": "passed",
              "speed": "slow",
              "pass": true,
              "fail": false,
              "pending": false,
              "context": null,
              "code": "cy.get('#username').type('invalid username');\ncy.get('#password').type('invalid password');\ncy.get('.fa').click();\ncy.get('#flash').should('contain', 'Your username is invalid');",
              "err": {},
              "uuid": "d405d241-3013-483c-91bf-91319983161c",
              "parentUUID": "78d227bb-015e-4df0-b3a7-dd55bcf81f1a",
              "isHook": false,
              "skipped": false
            }
          ],
          "suites": [],
          "passes": [
            "54812295-4f6e-4a25-b1d2-0eb1ca494471",
            "054f4dd2-e05e-4a90-95c6-96205534dcaa",
            "d405d241-3013-483c-91bf-91319983161c"
          ],
          "failures": [],
          "pending": [],
          "skipped": [],
          "duration": 8287,
          "root": false,
          "rootEmpty": false,
          "_timeout": 2000
        }
      ],
      "passes": [],
      "failures": [],
      "pending": [],
      "skipped": [],
      "duration": 0,
      "root": true,
      "rootEmpty": true,
      "_timeout": 2000
    }
  ],
  "meta": {
    "mocha": {
      "version": "7.0.1"
    },
    "mochawesome": {
      "options": {
        "quiet": false,
        "reportFilename": "mochawesome",
        "saveHtml": false,
        "saveJson": true,
        "consoleReporter": "spec",
        "useInlineDiffs": false,
        "code": true
      },
      "version": "6.2.2"
    },
    "marge": {
      "options": {
        "id": "default",
        "reportDir": "cypress/mochawesome-report",
        "quite": true,
        "overwrite": false,
        "html": false,
        "json": true,
        "charts": true
      },
      "version": "5.2.0"
    }
  }
}