{
  "stats": {
    "suites": 1,
    "tests": 2,
    "passes": 2,
    "pending": 0,
    "failures": 0,
    "start": "2021-07-29T06:41:02.457Z",
    "end": "2021-07-29T06:41:07.106Z",
    "duration": 4649,
    "testsRegistered": 2,
    "passPercent": 100,
    "pendingPercent": 0,
    "other": 0,
    "hasOther": false,
    "skipped": 0,
    "hasSkipped": false
  },
  "results": [
    {
      "uuid": "1a497ab0-84fd-4bb5-8a88-9b4964229998",
      "title": "",
      "fullFile": "cypress/integration/task1_suite2.spec.js",
      "file": "cypress/integration/task1_suite2.spec.js",
      "beforeHooks": [],
      "afterHooks": [],
      "tests": [],
      "suites": [
        {
          "uuid": "8476f47a-d1f3-4c54-b49a-48c1d34b4ed1",
          "title": "Test Suite 2",
          "fullFile": "",
          "file": "",
          "beforeHooks": [],
          "afterHooks": [],
          "tests": [
            {
              "title": "Test Case 1: To search for an entry in the table. ",
              "fullTitle": "Test Suite 2 Test Case 1: To search for an entry in the table. ",
              "timedOut": null,
              "duration": 1180,
              "state": "passed",
              "speed": "slow",
              "pass": true,
              "fail": false,
              "pending": false,
              "context": null,
              "code": "cy.get('#task-table-filter').type('Bug');\ncy.get('td').should('contain', 'Bug');",
              "err": {},
              "uuid": "46474334-e939-4f3b-b561-c67ba134850e",
              "parentUUID": "8476f47a-d1f3-4c54-b49a-48c1d34b4ed1",
              "isHook": false,
              "skipped": false
            },
            {
              "title": "Test Case 2:to check that filters are disabled before clicking on filter icon, then filter by username",
              "fullTitle": "Test Suite 2 Test Case 2:to check that filters are disabled before clicking on filter icon, then filter by username",
              "timedOut": null,
              "duration": 974,
              "state": "passed",
              "speed": "slow",
              "pass": true,
              "fail": false,
              "pending": false,
              "context": null,
              "code": "cy.get('.form-control').should('be.disabled');\ncy.get('.btn-filter').click();\ncy.get('.filters > :nth-child(2)').type('jacobs');\ncy.get('td').should('contain', 'jacobs');",
              "err": {},
              "uuid": "faedf89b-0a1f-499b-885c-ca35b5793cd8",
              "parentUUID": "8476f47a-d1f3-4c54-b49a-48c1d34b4ed1",
              "isHook": false,
              "skipped": false
            }
          ],
          "suites": [],
          "passes": [
            "46474334-e939-4f3b-b561-c67ba134850e",
            "faedf89b-0a1f-499b-885c-ca35b5793cd8"
          ],
          "failures": [],
          "pending": [],
          "skipped": [],
          "duration": 2154,
          "root": false,
          "rootEmpty": false,
          "_timeout": 2000
        }
      ],
      "passes": [],
      "failures": [],
      "pending": [],
      "skipped": [],
      "duration": 0,
      "root": true,
      "rootEmpty": true,
      "_timeout": 2000
    }
  ],
  "meta": {
    "mocha": {
      "version": "7.0.1"
    },
    "mochawesome": {
      "options": {
        "quiet": false,
        "reportFilename": "mochawesome",
        "saveHtml": false,
        "saveJson": true,
        "consoleReporter": "spec",
        "useInlineDiffs": false,
        "code": true
      },
      "version": "6.2.2"
    },
    "marge": {
      "options": {
        "id": "default",
        "reportDir": "cypress/mochawesome-report",
        "quite": true,
        "overwrite": false,
        "html": false,
        "json": true,
        "charts": true
      },
      "version": "5.2.0"
    }
  }
}