{
  "stats": {
    "suites": 0,
    "tests": 2,
    "passes": 2,
    "pending": 0,
    "failures": 0,
    "start": "2021-07-29T06:50:05.218Z",
    "end": "2021-07-29T06:50:11.936Z",
    "duration": 6718,
    "testsRegistered": 2,
    "passPercent": 100,
    "pendingPercent": 0,
    "other": 0,
    "hasOther": false,
    "skipped": 0,
    "hasSkipped": false
  },
  "results": [
    {
      "uuid": "bdc39774-c44b-42a9-b39a-d8386c521fb1",
      "title": "",
      "fullFile": "cypress/integration/task-3.spec.js",
      "file": "cypress/integration/task-3.spec.js",
      "beforeHooks": [],
      "afterHooks": [],
      "tests": [
        {
          "title": "land on home page and click on monitors filter, verify product details then click on monitor",
          "fullTitle": "land on home page and click on monitors filter, verify product details then click on monitor",
          "timedOut": null,
          "duration": 3382,
          "state": "passed",
          "speed": "slow",
          "pass": true,
          "fail": false,
          "pending": false,
          "context": null,
          "code": "homePage.openUrl();\nhomePage.clickOnMonitorLink();\nhomePage.verifyTitle();\nhomePage.verifyPrice();\nhomePage.verifyDesc();\nhomePage.clickOnAsusMonitor();",
          "err": {},
          "uuid": "2a33168d-0b48-4c8a-b002-e94d66783c68",
          "parentUUID": "bdc39774-c44b-42a9-b39a-d8386c521fb1",
          "isHook": false,
          "skipped": false
        },
        {
          "title": "add to cart",
          "fullTitle": "add to cart",
          "timedOut": null,
          "duration": 972,
          "state": "passed",
          "speed": "slow",
          "pass": true,
          "fail": false,
          "pending": false,
          "context": null,
          "code": "productPage.openUrl();\nproductPage.addToCart();\nproductPage.verifyButtonColor();",
          "err": {},
          "uuid": "5f59a939-9ee1-4ca3-a366-e2dc8d729128",
          "parentUUID": "bdc39774-c44b-42a9-b39a-d8386c521fb1",
          "isHook": false,
          "skipped": false
        }
      ],
      "suites": [],
      "passes": [
        "2a33168d-0b48-4c8a-b002-e94d66783c68",
        "5f59a939-9ee1-4ca3-a366-e2dc8d729128"
      ],
      "failures": [],
      "pending": [],
      "skipped": [],
      "duration": 4354,
      "root": true,
      "rootEmpty": false,
      "_timeout": 2000
    }
  ],
  "meta": {
    "mocha": {
      "version": "7.0.1"
    },
    "mochawesome": {
      "options": {
        "quiet": false,
        "reportFilename": "mochawesome",
        "saveHtml": false,
        "saveJson": true,
        "consoleReporter": "spec",
        "useInlineDiffs": false,
        "code": true
      },
      "version": "6.2.2"
    },
    "marge": {
      "options": {
        "id": "default",
        "reportDir": "cypress/mochawesome-report",
        "quite": true,
        "overwrite": false,
        "html": false,
        "json": true,
        "charts": true
      },
      "version": "5.2.0"
    }
  }
}