{
  "stats": {
    "suites": 0,
    "tests": 2,
    "passes": 1,
    "pending": 0,
    "failures": 1,
    "start": "2021-07-28T13:29:52.001Z",
    "end": "2021-07-28T13:30:03.025Z",
    "duration": 11024,
    "testsRegistered": 2,
    "passPercent": 50,
    "pendingPercent": 0,
    "other": 0,
    "hasOther": false,
    "skipped": 0,
    "hasSkipped": false
  },
  "results": [
    {
      "uuid": "192d4ca8-c6fc-4393-b5f4-85101b797206",
      "title": "",
      "fullFile": "cypress/integration/task-3.spec.js",
      "file": "cypress/integration/task-3.spec.js",
      "beforeHooks": [],
      "afterHooks": [],
      "tests": [
        {
          "title": "land on home page and click on monitors filter, verify product details then click on monitor",
          "fullTitle": "land on home page and click on monitors filter, verify product details then click on monitor",
          "timedOut": null,
          "duration": 7229,
          "state": "failed",
          "speed": null,
          "pass": false,
          "fail": true,
          "pending": false,
          "context": null,
          "code": "homePage.openUrl();\nhomePage.clickOnMonitorLink();\nhomePage.verifyTitle();\nhomePage.verifyPrice();\nhomePage.verifyDesc();\nhomePage.clickOnAsusMonitor();",
          "err": {
            "message": "CypressError: Timed out retrying after 4000ms: `cy.should()` failed because this element is detached from the DOM.\n\n`<h4 class=\"card-title\">...</h4>`\n\nCypress requires elements be attached in the DOM to interact with them.\n\nThe previous command that ran was:\n\n  > `cy.get()`\n\nThis DOM element likely became detached somewhere between the previous and current command.\n\nCommon situations why this happens:\n  - Your JS framework re-rendered asynchronously\n  - Your app code reacted to an event firing and removed the element\n\nYou typically need to re-query for the element or add 'guards' which delay Cypress from running new commands.\n\nhttps://on.cypress.io/element-has-detached-from-dom",
            "estack": "CypressError: Timed out retrying after 4000ms: `cy.should()` failed because this element is detached from the DOM.\n\n`<h4 class=\"card-title\">...</h4>`\n\nCypress requires elements be attached in the DOM to interact with them.\n\nThe previous command that ran was:\n\n  > `cy.get()`\n\nThis DOM element likely became detached somewhere between the previous and current command.\n\nCommon situations why this happens:\n  - Your JS framework re-rendered asynchronously\n  - Your app code reacted to an event firing and removed the element\n\nYou typically need to re-query for the element or add 'guards' which delay Cypress from running new commands.\n\nhttps://on.cypress.io/element-has-detached-from-dom\n    at $Cy.ensureAttached (https://www.demoblaze.com/__cypress/runner/cypress_runner.js:144054:24)\n    at applyChainers (https://www.demoblaze.com/__cypress/runner/cypress_runner.js:137343:12)\n    at tryCatcher (https://www.demoblaze.com/__cypress/runner/cypress_runner.js:10798:23)\n    at Function.Promise.attempt.Promise.try (https://www.demoblaze.com/__cypress/runner/cypress_runner.js:8072:29)\n    at Context.shouldFn (https://www.demoblaze.com/__cypress/runner/cypress_runner.js:137375:23)\n    at Context.should (https://www.demoblaze.com/__cypress/runner/cypress_runner.js:137393:23)\n    at https://www.demoblaze.com/__cypress/runner/cypress_runner.js:133006:39\n    at assertions (https://www.demoblaze.com/__cypress/runner/cypress_runner.js:133258:14)\n    at tryCatcher (https://www.demoblaze.com/__cypress/runner/cypress_runner.js:10798:23)\n    at Object.gotValue (https://www.demoblaze.com/__cypress/runner/cypress_runner.js:9942:18)\n    at Object.gotAccum (https://www.demoblaze.com/__cypress/runner/cypress_runner.js:9929:25)\n    at Object.tryCatcher (https://www.demoblaze.com/__cypress/runner/cypress_runner.js:10798:23)\n    at Promise._settlePromiseFromHandler (https://www.demoblaze.com/__cypress/runner/cypress_runner.js:8733:31)\n    at Promise._settlePromise (https://www.demoblaze.com/__cypress/runner/cypress_runner.js:8790:18)\n    at Promise._settlePromiseCtx (https://www.demoblaze.com/__cypress/runner/cypress_runner.js:8827:10)\n    at _drainQueueStep (https://www.demoblaze.com/__cypress/runner/cypress_runner.js:5509:12)\nFrom Your Spec Code:\n    at HomePage.verifyTitle (https://www.demoblaze.com/__cypress/tests?p=cypress\\integration\\task-3.spec.js:188:26)\n    at Context.eval (https://www.demoblaze.com/__cypress/tests?p=cypress\\integration\\task-3.spec.js:139:12)",
            "diff": null
          },
          "uuid": "2d3d8c4d-8118-4ce8-b5d3-877282c27376",
          "parentUUID": "192d4ca8-c6fc-4393-b5f4-85101b797206",
          "isHook": false,
          "skipped": false
        },
        {
          "title": "add to cart",
          "fullTitle": "add to cart",
          "timedOut": null,
          "duration": 1432,
          "state": "passed",
          "speed": "slow",
          "pass": true,
          "fail": false,
          "pending": false,
          "context": null,
          "code": "productPage.openUrl();\nproductPage.addToCart();\nproductPage.verifyButtonColor();",
          "err": {},
          "uuid": "fb958718-b51b-47e7-8866-59c4194009db",
          "parentUUID": "192d4ca8-c6fc-4393-b5f4-85101b797206",
          "isHook": false,
          "skipped": false
        }
      ],
      "suites": [],
      "passes": [
        "fb958718-b51b-47e7-8866-59c4194009db"
      ],
      "failures": [
        "2d3d8c4d-8118-4ce8-b5d3-877282c27376"
      ],
      "pending": [],
      "skipped": [],
      "duration": 8661,
      "root": true,
      "rootEmpty": false,
      "_timeout": 2000
    }
  ],
  "meta": {
    "mocha": {
      "version": "7.0.1"
    },
    "mochawesome": {
      "options": {
        "quiet": false,
        "reportFilename": "mochawesome",
        "saveHtml": false,
        "saveJson": true,
        "consoleReporter": "spec",
        "useInlineDiffs": false,
        "code": true
      },
      "version": "6.2.2"
    },
    "marge": {
      "options": {
        "id": "default",
        "reportDir": "cypress/mochawesome-report",
        "quite": true,
        "overwrite": false,
        "html": false,
        "json": true,
        "charts": true
      },
      "version": "5.2.0"
    }
  }
}